<?xml version="1.0" encoding="UTF-8"?>
<!-- Generated by org.testng.reporters.JUnitReportReporter -->
<testsuite hostname="DESKTOP-75E38U1" failures="0" tests="5" name="testNGtutorial.carloan" time="0.003" errors="0" timestamp="2022-02-15T17:31:20 IST" skipped="0">
  <testcase classname="testNGtutorial.carloan" name="loanrate" time="0.001"/>
  <system-out/>
  <testcase classname="testNGtutorial.carloan" name="Tenureperiod" time="0.001"/>
  <system-out/>
  <testcase classname="testNGtutorial.carloan" name="Tenureperiod" time="0.000"/>
  <system-out/>
  <testcase classname="testNGtutorial.carloan" name="Loanstatus" time="0.000"/>
  <system-out/>
  <testcase classname="testNGtutorial.carloan" name="Tenureperiod" time="0.001"/>
  <system-out/>
</testsuite> <!-- testNGtutorial.carloan -->
