<?xml version="1.0" encoding="UTF-8"?>
<!-- Generated by org.testng.reporters.JUnitReportReporter -->
<testsuite hostname="DESKTOP-75E38U1" failures="0" tests="3" name="testNGtutorial.personalloan" time="0.003" errors="0" timestamp="2022-02-15T17:31:20 IST" skipped="0">
  <testcase classname="testNGtutorial.personalloan" name="loanrate" time="0.001"/>
  <system-out/>
  <testcase classname="testNGtutorial.personalloan" name="loanstatus" time="0.001"/>
  <system-out/>
  <testcase classname="testNGtutorial.personalloan" name="loanamount" time="0.001"/>
  <system-out/>
</testsuite> <!-- testNGtutorial.personalloan -->
