<?xml version="1.0" encoding="UTF-8"?>
<!-- Generated by org.testng.reporters.JUnitReportReporter -->
<testsuite hostname="DESKTOP-75E38U1" failures="0" tests="5" name="testNGtutorial.homeloan" time="0.005" errors="0" timestamp="2022-02-15T17:31:20 IST" skipped="0">
  <testcase classname="testNGtutorial.homeloan" name="homeloanperiod" time="0.001"/>
  <system-out/>
  <testcase classname="testNGtutorial.homeloan" name="homeloanamount" time="0.001"/>
  <system-out/>
  <testcase classname="testNGtutorial.homeloan" name="status" time="0.001"/>
  <system-out/>
  <testcase classname="testNGtutorial.homeloan" name="begore" time="0.001"/>
  <system-out/>
  <testcase classname="testNGtutorial.homeloan" name="execuit" time="0.001"/>
  <system-out/>
</testsuite> <!-- testNGtutorial.homeloan -->
