<?xml version="1.0" encoding="UTF-8"?>
<!-- Generated by org.testng.reporters.JUnitReportReporter -->
<testsuite hostname="DESKTOP-75E38U1" failures="0" tests="1" name="testNGtutorial.class1" time="0.011" errors="0" timestamp="2022-02-15T17:31:20 IST" skipped="0">
  <testcase classname="testNGtutorial.class1" name="personalloan" time="0.011"/>
  <system-out/>
</testsuite> <!-- testNGtutorial.class1 -->
